Performing C SOURCE FILE Test CMAKE_HAVE_LIBC_PTHREAD failed with the following output:
Change Dir: /home/local/svn/robobot/raubase/build/CMakeFiles/CMakeTmp

Run Build Command(s):/usr/bin/gmake cmTC_00b42/fast && /usr/bin/gmake  -f CMakeFiles/cmTC_00b42.dir/build.make CMakeFiles/cmTC_00b42.dir/build
gmake[1]: Entering directory '/home/local/svn/robobot/raubase/build/CMakeFiles/CMakeTmp'
Building C object CMakeFiles/cmTC_00b42.dir/src.c.o
/usr/bin/cc   -DCMAKE_HAVE_LIBC_PTHREAD -o CMakeFiles/cmTC_00b42.dir/src.c.o -c /home/local/svn/robobot/raubase/build/CMakeFiles/CMakeTmp/src.c
Linking C executable cmTC_00b42
/usr/bin/cmake -E cmake_link_script CMakeFiles/cmTC_00b42.dir/link.txt --verbose=1
/usr/bin/cc  -DCMAKE_HAVE_LIBC_PTHREAD CMakeFiles/cmTC_00b42.dir/src.c.o -o cmTC_00b42 
/usr/bin/ld: CMakeFiles/cmTC_00b42.dir/src.c.o: in function `main':
src.c:(.text+0x40): undefined reference to `pthread_create'
/usr/bin/ld: src.c:(.text+0x4c): undefined reference to `pthread_detach'
/usr/bin/ld: src.c:(.text+0x58): undefined reference to `pthread_cancel'
/usr/bin/ld: src.c:(.text+0x68): undefined reference to `pthread_join'
collect2: error: ld returned 1 exit status
gmake[1]: *** [CMakeFiles/cmTC_00b42.dir/build.make:106: cmTC_00b42] Error 1
gmake[1]: Leaving directory '/home/local/svn/robobot/raubase/build/CMakeFiles/CMakeTmp'
gmake: *** [Makefile:140: cmTC_00b42/fast] Error 2


Source file was:
#include <pthread.h>

void* test_func(void* data)
{
  return data;
}

int main(void)
{
  pthread_t thread;
  pthread_create(&thread, NULL, test_func, NULL);
  pthread_detach(thread);
  pthread_cancel(thread);
  pthread_join(thread, NULL);
  pthread_atfork(NULL, NULL, NULL);
  pthread_exit(NULL);

  return 0;
}

Determining if the function pthread_create exists in the pthreads failed with the following output:
Change Dir: /home/local/svn/robobot/raubase/build/CMakeFiles/CMakeTmp

Run Build Command(s):/usr/bin/gmake cmTC_58caf/fast && /usr/bin/gmake  -f CMakeFiles/cmTC_58caf.dir/build.make CMakeFiles/cmTC_58caf.dir/build
gmake[1]: Entering directory '/home/local/svn/robobot/raubase/build/CMakeFiles/CMakeTmp'
Building C object CMakeFiles/cmTC_58caf.dir/CheckFunctionExists.c.o
/usr/bin/cc   -DCHECK_FUNCTION_EXISTS=pthread_create -o CMakeFiles/cmTC_58caf.dir/CheckFunctionExists.c.o -c /usr/share/cmake-3.18/Modules/CheckFunctionExists.c
Linking C executable cmTC_58caf
/usr/bin/cmake -E cmake_link_script CMakeFiles/cmTC_58caf.dir/link.txt --verbose=1
/usr/bin/cc  -DCHECK_FUNCTION_EXISTS=pthread_create CMakeFiles/cmTC_58caf.dir/CheckFunctionExists.c.o -o cmTC_58caf  -lpthreads 
/usr/bin/ld: cannot find -lpthreads
collect2: error: ld returned 1 exit status
gmake[1]: *** [CMakeFiles/cmTC_58caf.dir/build.make:106: cmTC_58caf] Error 1
gmake[1]: Leaving directory '/home/local/svn/robobot/raubase/build/CMakeFiles/CMakeTmp'
gmake: *** [Makefile:140: cmTC_58caf/fast] Error 2



Performing C SOURCE FILE Test CMAKE_HAVE_LIBC_PTHREAD failed with the following output:
Change Dir: /home/local/git/robobot/src/raubase/build/CMakeFiles/CMakeTmp

Run Build Command(s):/usr/bin/gmake cmTC_ed809/fast && gmake[1]: Entering directory '/home/local/git/robobot/src/raubase/build/CMakeFiles/CMakeTmp'
/usr/bin/gmake  -f CMakeFiles/cmTC_ed809.dir/build.make CMakeFiles/cmTC_ed809.dir/build
gmake[2]: Entering directory '/home/local/git/robobot/src/raubase/build/CMakeFiles/CMakeTmp'
Building C object CMakeFiles/cmTC_ed809.dir/src.c.o
/usr/bin/cc   -DCMAKE_HAVE_LIBC_PTHREAD -o CMakeFiles/cmTC_ed809.dir/src.c.o -c /home/local/git/robobot/src/raubase/build/CMakeFiles/CMakeTmp/src.c
Linking C executable cmTC_ed809
/usr/bin/cmake -E cmake_link_script CMakeFiles/cmTC_ed809.dir/link.txt --verbose=1
/usr/bin/cc  -DCMAKE_HAVE_LIBC_PTHREAD CMakeFiles/cmTC_ed809.dir/src.c.o -o cmTC_ed809 
/usr/bin/ld: CMakeFiles/cmTC_ed809.dir/src.c.o: in function `main':
src.c:(.text+0x40): undefined reference to `pthread_create'
/usr/bin/ld: src.c:(.text+0x4c): undefined reference to `pthread_detach'
/usr/bin/ld: src.c:(.text+0x58): undefined reference to `pthread_cancel'
/usr/bin/ld: src.c:(.text+0x68): undefined reference to `pthread_join'
collect2: error: ld returned 1 exit status
gmake[2]: *** [CMakeFiles/cmTC_ed809.dir/build.make:106: cmTC_ed809] Error 1
gmake[2]: Leaving directory '/home/local/git/robobot/src/raubase/build/CMakeFiles/CMakeTmp'
gmake[1]: *** [Makefile:140: cmTC_ed809/fast] Error 2
gmake[1]: Leaving directory '/home/local/git/robobot/src/raubase/build/CMakeFiles/CMakeTmp'


Source file was:
#include <pthread.h>

void* test_func(void* data)
{
  return data;
}

int main(void)
{
  pthread_t thread;
  pthread_create(&thread, NULL, test_func, NULL);
  pthread_detach(thread);
  pthread_cancel(thread);
  pthread_join(thread, NULL);
  pthread_atfork(NULL, NULL, NULL);
  pthread_exit(NULL);

  return 0;
}

Determining if the function pthread_create exists in the pthreads failed with the following output:
Change Dir: /home/local/git/robobot/src/raubase/build/CMakeFiles/CMakeTmp

Run Build Command(s):/usr/bin/gmake cmTC_4db2b/fast && gmake[1]: Entering directory '/home/local/git/robobot/src/raubase/build/CMakeFiles/CMakeTmp'
/usr/bin/gmake  -f CMakeFiles/cmTC_4db2b.dir/build.make CMakeFiles/cmTC_4db2b.dir/build
gmake[2]: Entering directory '/home/local/git/robobot/src/raubase/build/CMakeFiles/CMakeTmp'
Building C object CMakeFiles/cmTC_4db2b.dir/CheckFunctionExists.c.o
/usr/bin/cc   -DCHECK_FUNCTION_EXISTS=pthread_create -o CMakeFiles/cmTC_4db2b.dir/CheckFunctionExists.c.o -c /usr/share/cmake-3.18/Modules/CheckFunctionExists.c
Linking C executable cmTC_4db2b
/usr/bin/cmake -E cmake_link_script CMakeFiles/cmTC_4db2b.dir/link.txt --verbose=1
/usr/bin/cc  -DCHECK_FUNCTION_EXISTS=pthread_create CMakeFiles/cmTC_4db2b.dir/CheckFunctionExists.c.o -o cmTC_4db2b  -lpthreads 
/usr/bin/ld: cannot find -lpthreads
collect2: error: ld returned 1 exit status
gmake[2]: *** [CMakeFiles/cmTC_4db2b.dir/build.make:106: cmTC_4db2b] Error 1
gmake[2]: Leaving directory '/home/local/git/robobot/src/raubase/build/CMakeFiles/CMakeTmp'
gmake[1]: *** [Makefile:140: cmTC_4db2b/fast] Error 2
gmake[1]: Leaving directory '/home/local/git/robobot/src/raubase/build/CMakeFiles/CMakeTmp'



Performing C SOURCE FILE Test CMAKE_HAVE_LIBC_PTHREAD failed with the following output:
Change Dir: /home/local/git/depei/src/raubase/build/CMakeFiles/CMakeTmp

Run Build Command(s):/usr/bin/gmake cmTC_0478c/fast && gmake[1]: Entering directory '/home/local/git/depei/src/raubase/build/CMakeFiles/CMakeTmp'
/usr/bin/gmake  -f CMakeFiles/cmTC_0478c.dir/build.make CMakeFiles/cmTC_0478c.dir/build
gmake[2]: Entering directory '/home/local/git/depei/src/raubase/build/CMakeFiles/CMakeTmp'
Building C object CMakeFiles/cmTC_0478c.dir/src.c.o
/usr/bin/cc   -DCMAKE_HAVE_LIBC_PTHREAD -o CMakeFiles/cmTC_0478c.dir/src.c.o -c /home/local/git/depei/src/raubase/build/CMakeFiles/CMakeTmp/src.c
Linking C executable cmTC_0478c
/usr/bin/cmake -E cmake_link_script CMakeFiles/cmTC_0478c.dir/link.txt --verbose=1
/usr/bin/cc  -DCMAKE_HAVE_LIBC_PTHREAD CMakeFiles/cmTC_0478c.dir/src.c.o -o cmTC_0478c 
/usr/bin/ld: CMakeFiles/cmTC_0478c.dir/src.c.o: in function `main':
src.c:(.text+0x40): undefined reference to `pthread_create'
/usr/bin/ld: src.c:(.text+0x4c): undefined reference to `pthread_detach'
/usr/bin/ld: src.c:(.text+0x58): undefined reference to `pthread_cancel'
/usr/bin/ld: src.c:(.text+0x68): undefined reference to `pthread_join'
collect2: error: ld returned 1 exit status
gmake[2]: *** [CMakeFiles/cmTC_0478c.dir/build.make:106: cmTC_0478c] Error 1
gmake[2]: Leaving directory '/home/local/git/depei/src/raubase/build/CMakeFiles/CMakeTmp'
gmake[1]: *** [Makefile:140: cmTC_0478c/fast] Error 2
gmake[1]: Leaving directory '/home/local/git/depei/src/raubase/build/CMakeFiles/CMakeTmp'


Source file was:
#include <pthread.h>

void* test_func(void* data)
{
  return data;
}

int main(void)
{
  pthread_t thread;
  pthread_create(&thread, NULL, test_func, NULL);
  pthread_detach(thread);
  pthread_cancel(thread);
  pthread_join(thread, NULL);
  pthread_atfork(NULL, NULL, NULL);
  pthread_exit(NULL);

  return 0;
}

Determining if the function pthread_create exists in the pthreads failed with the following output:
Change Dir: /home/local/git/depei/src/raubase/build/CMakeFiles/CMakeTmp

Run Build Command(s):/usr/bin/gmake cmTC_fa131/fast && gmake[1]: Entering directory '/home/local/git/depei/src/raubase/build/CMakeFiles/CMakeTmp'
/usr/bin/gmake  -f CMakeFiles/cmTC_fa131.dir/build.make CMakeFiles/cmTC_fa131.dir/build
gmake[2]: Entering directory '/home/local/git/depei/src/raubase/build/CMakeFiles/CMakeTmp'
Building C object CMakeFiles/cmTC_fa131.dir/CheckFunctionExists.c.o
/usr/bin/cc   -DCHECK_FUNCTION_EXISTS=pthread_create -o CMakeFiles/cmTC_fa131.dir/CheckFunctionExists.c.o -c /usr/share/cmake-3.18/Modules/CheckFunctionExists.c
Linking C executable cmTC_fa131
/usr/bin/cmake -E cmake_link_script CMakeFiles/cmTC_fa131.dir/link.txt --verbose=1
/usr/bin/cc  -DCHECK_FUNCTION_EXISTS=pthread_create CMakeFiles/cmTC_fa131.dir/CheckFunctionExists.c.o -o cmTC_fa131  -lpthreads 
/usr/bin/ld: cannot find -lpthreads
collect2: error: ld returned 1 exit status
gmake[2]: *** [CMakeFiles/cmTC_fa131.dir/build.make:106: cmTC_fa131] Error 1
gmake[2]: Leaving directory '/home/local/git/depei/src/raubase/build/CMakeFiles/CMakeTmp'
gmake[1]: *** [Makefile:140: cmTC_fa131/fast] Error 2
gmake[1]: Leaving directory '/home/local/git/depei/src/raubase/build/CMakeFiles/CMakeTmp'



